{
  "RSpec": {
    "coverage": {
      "/Users/liamnorton/Workspace/fasdac/app/controllers/admin/base_controller.rb": [
        1,
        null,
        1,
        null,
        1,
        null,
        1,
        196,
        192,
        192,
        192,
        null,
        0,
        null,
        null,
        192,
        null,
        null,
        null,
        null,
        null
      ],
      "/Users/liamnorton/Workspace/fasdac/app/controllers/application_controller.rb": [
        1,
        1,
        null,
        1,
        null,
        1,
        null,
        1,
        214,
        106,
        0,
        null,
        106,
        null,
        null,
        null,
        null,
        null,
        1,
        210,
        null,
        null
      ],
      "/Users/liamnorton/Workspace/fasdac/app/helpers/navigation_helper.rb": [
        1,
        null,
        1,
        60,
        60,
        60,
        null,
        null,
        1,
        15,
        null,
        null,
        null
      ],
      "/Users/liamnorton/Workspace/fasdac/app/controllers/admin/crops_controller.rb": [
        1,
        null,
        1,
        null,
        1,
        10,
        null,
        null,
        null,
        1,
        21,
        null,
        null,
        null,
        1,
        5,
        null,
        null,
        null,
        1,
        null,
        null,
        null,
        1,
        5,
        5,
        null,
        5,
        2,
        1,
        null,
        2,
        2,
        null,
        3,
        null,
        null,
        null,
        null,
        1,
        4,
        2,
        2,
        null,
        2,
        null,
        null,
        null,
        null,
        1,
        2,
        2,
        2,
        null,
        null
      ],
      "/Users/liamnorton/Workspace/fasdac/app/models/crop.rb": [
        1,
        1,
        1,
        1,
        1,
        null
      ],
      "/Users/liamnorton/Workspace/fasdac/app/controllers/admin/fertilisers_controller.rb": [
        1,
        null,
        1,
        null,
        1,
        10,
        null,
        null,
        null,
        1,
        21,
        null,
        null,
        null,
        1,
        5,
        null,
        null,
        null,
        1,
        null,
        null,
        null,
        1,
        5,
        5,
        null,
        5,
        2,
        1,
        null,
        2,
        2,
        null,
        3,
        null,
        null,
        null,
        null,
        1,
        4,
        2,
        2,
        null,
        2,
        null,
        null,
        null,
        null,
        1,
        2,
        2,
        2,
        null,
        null
      ],
      "/Users/liamnorton/Workspace/fasdac/app/models/fertiliser.rb": [
        1,
        1,
        1,
        1,
        1,
        1,
        1,
        null
      ],
      "/Users/liamnorton/Workspace/fasdac/app/controllers/admin/home_controller.rb": [
        1,
        1,
        null,
        null
      ],
      "/Users/liamnorton/Workspace/fasdac/app/controllers/admin/regression_coefficients_controller.rb": [
        1,
        null,
        1,
        1,
        null,
        1,
        8,
        null,
        null,
        1,
        14,
        14,
        null,
        null,
        null,
        1,
        6,
        null,
        null,
        null,
        1,
        null,
        null,
        null,
        null,
        1,
        4,
        4,
        4,
        2,
        null,
        4,
        2,
        null,
        null,
        null,
        null
      ],
      "/Users/liamnorton/Workspace/fasdac/app/models/regression_coefficient.rb": [
        1,
        1,
        1,
        1,
        1,
        1,
        1,
        1,
        null
      ],
      "/Users/liamnorton/Workspace/fasdac/app/controllers/admin/soil_coefficients_controller.rb": [
        1,
        null,
        1,
        1,
        null,
        1,
        8,
        null,
        null,
        1,
        14,
        14,
        null,
        null,
        null,
        1,
        6,
        null,
        null,
        null,
        1,
        null,
        null,
        null,
        null,
        1,
        4,
        4,
        4,
        2,
        null,
        4,
        2,
        null,
        null,
        null,
        null
      ],
      "/Users/liamnorton/Workspace/fasdac/app/models/soil_coefficient.rb": [
        1,
        1,
        1,
        1,
        1,
        1,
        1,
        1,
        null
      ],
      "/Users/liamnorton/Workspace/fasdac/app/controllers/admin/soil_moistures_controller.rb": [
        1,
        null,
        1,
        null,
        1,
        10,
        null,
        null,
        null,
        1,
        21,
        null,
        null,
        null,
        1,
        5,
        null,
        null,
        null,
        1,
        null,
        null,
        null,
        1,
        5,
        5,
        null,
        5,
        2,
        1,
        null,
        2,
        2,
        null,
        3,
        null,
        null,
        null,
        null,
        1,
        4,
        2,
        2,
        null,
        2,
        null,
        null,
        null,
        null,
        1,
        2,
        2,
        2,
        null,
        null
      ],
      "/Users/liamnorton/Workspace/fasdac/app/models/soil_moisture.rb": [
        1,
        1,
        1,
        1,
        null
      ],
      "/Users/liamnorton/Workspace/fasdac/app/controllers/admin/soil_textures_controller.rb": [
        1,
        null,
        1,
        null,
        1,
        10,
        null,
        null,
        null,
        1,
        21,
        null,
        null,
        null,
        1,
        5,
        null,
        null,
        null,
        1,
        null,
        null,
        null,
        1,
        5,
        5,
        null,
        5,
        2,
        1,
        null,
        2,
        2,
        null,
        3,
        null,
        null,
        null,
        null,
        1,
        4,
        2,
        2,
        null,
        2,
        null,
        null,
        null,
        null,
        1,
        2,
        2,
        2,
        null,
        null
      ],
      "/Users/liamnorton/Workspace/fasdac/app/models/soil_texture.rb": [
        1,
        1,
        1,
        1,
        null
      ],
      "/Users/liamnorton/Workspace/fasdac/app/controllers/calculator_controller.rb": [
        1,
        null,
        1,
        null,
        1,
        15,
        15,
        15,
        15,
        null,
        null,
        1,
        15,
        null,
        15,
        null,
        15,
        3,
        1,
        1,
        null,
        null,
        2,
        2,
        2,
        null,
        2,
        2,
        null,
        null,
        null,
        null,
        null
      ],
      "/Users/liamnorton/Workspace/fasdac/app/models/calculator.rb": [
        1,
        1,
        1,
        1,
        1,
        null,
        1,
        null,
        null,
        null,
        null,
        1,
        null,
        null,
        1,
        1,
        null,
        1,
        15,
        6,
        48,
        null,
        null,
        15,
        2,
        2,
        2,
        2,
        2,
        2,
        2,
        2,
        2,
        null,
        15,
        null,
        null,
        1,
        39,
        null,
        null,
        1,
        2,
        2,
        2,
        2,
        2,
        2,
        2,
        null,
        null,
        1,
        2,
        2,
        null,
        null,
        1,
        2,
        2,
        2,
        null,
        null,
        1,
        2,
        2,
        2,
        null,
        null,
        1,
        2,
        2,
        2,
        2,
        2,
        2,
        null,
        null,
        null,
        1,
        2,
        2,
        2,
        2,
        2,
        2,
        null,
        null,
        null,
        1,
        2,
        2,
        2,
        null,
        null,
        1,
        2,
        2,
        2,
        null,
        null
      ],
      "/Users/liamnorton/Workspace/fasdac/app/controllers/pages_controller.rb": [
        1,
        1,
        1,
        1,
        1,
        1,
        null,
        null,
        1,
        null,
        null,
        1,
        null,
        null
      ]
    },
    "timestamp": 1346675595
  }
}
